{"logTime": "0511/161358", "correlationVector":"xSgnr8KGdzn+n9KpTsVNmO.4","action":"GetUpdates", "result":"DeleteReceived", "context":{"id":"35691699-71e6-4c8b-900a-42075cc8cd91", "isDeleted:":"true", "version":"1715444033027"}}
{"logTime": "0511/161358", "correlationVector":"xSgnr8KGdzn+n9KpTsVNmO.5","action":"GetUpdates Response", "result":"Success", "context":Received 5 update(s). cV=xSgnr8KGdzn+n9KpTsVNmO.0;server=GENERAL01000023;cloudType=Consumer;environment=Prod_WestEurope_000l;migrationStage=NotStarted}
{"logTime": "0511/161358", "correlationVector":"2veXmBy+s7mmfWLMJkwhay","action":"Normal GetUpdate request", "result":"", "context":cV=2veXmBy+s7mmfWLMJkwhay
Notified types: Edge Tab Group}
{"logTime": "0511/161358", "correlationVector":"2veXmBy+s7mmfWLMJkwhay.1","action":"SyncServerConnectionManagerRequest", "result":"SYNC_SERVER_OK", "context":{"environment":"Prod_WestEurope_000l", "migrationStage":"NotStarted", "server":"GENERAL0100001A"}}
{"logTime": "0511/161358", "correlationVector":"2veXmBy+s7mmfWLMJkwhay.2","action":"GetUpdates Response", "result":"Success", "context":Received 0 update(s). cV=2veXmBy+s7mmfWLMJkwhay.0;server=GENERAL0100001A;cloudType=Consumer;environment=Prod_WestEurope_000l;migrationStage=NotStarted}
{"logTime": "0511/161358", "correlationVector":"1VCegkkj6/m15MliIPuEgG","action":"Commit Request", "result":"", "context":Item count: 3
Contributing types: Passwords}
{"logTime": "0511/161358", "correlationVector":"1VCegkkj6/m15MliIPuEgG.1","action":"SyncServerConnectionManagerRequest", "result":"SYNC_SERVER_OK", "context":{"environment":"Prod_WestEurope_000l", "migrationStage":"NotStarted", "server":"GENERAL01000000"}}
{"logTime": "0511/161358", "correlationVector":"1VCegkkj6/m15MliIPuEgG.2","action":"Commit Response", "result":"Success", "context":Result: Success. cV=1VCegkkj6/m15MliIPuEgG.0;server=GENERAL01000000;cloudType=Consumer;environment=Prod_WestEurope_000l;migrationStage=NotStarted}
{"logTime": "0511/161407", "correlationVector":"aYjgBHg11YZ9ubdml5nuKc","action":"Commit Request", "result":"", "context":Item count: 1
Contributing types: Preferences}
{"logTime": "0511/161408", "correlationVector":"aYjgBHg11YZ9ubdml5nuKc.1","action":"SyncServerConnectionManagerRequest", "result":"SYNC_SERVER_OK", "context":{"environment":"Prod_WestEurope_000l", "migrationStage":"NotStarted", "server":"GENERAL01000003"}}
{"logTime": "0511/161408", "correlationVector":"aYjgBHg11YZ9ubdml5nuKc.2","action":"Commit Response", "result":"Success", "context":Result: Success. cV=aYjgBHg11YZ9ubdml5nuKc.0;server=GENERAL01000003;cloudType=Consumer;environment=Prod_WestEurope_000l;migrationStage=NotStarted}
{"logTime": "0511/161849", "correlationVector":"X8QCgLQNnt9lvUSXrCnp+9","action":"Normal GetUpdate request", "result":"", "context":cV=X8QCgLQNnt9lvUSXrCnp+9
Nudged types: Preferences
Refresh requested types: Bookmarks, Preferences, Passwords, Autofill Profiles, Autofill, Typed URLs, Extensions, Sessions, Extension settings, History Delete Directives, Device Info, User Consents, Send Tab To Self, Web Apps, Collection, Edge E Drop, Edge Hub App Usage, Edge Tab Group, Edge Wallet, Encryption Keys}
{"logTime": "0511/161850", "correlationVector":"X8QCgLQNnt9lvUSXrCnp+9.1","action":"SyncServerConnectionManagerRequest", "result":"SYNC_SERVER_OK", "context":{"environment":"Prod_WestEurope_000l", "migrationStage":"NotStarted", "server":"GENERAL0100000B"}}
{"logTime": "0511/161850", "correlationVector":"X8QCgLQNnt9lvUSXrCnp+9.2","action":"GetUpdates", "result":"DeleteReceived", "context":{"id":"11a12d96-02d1-46f6-a73c-eb4ea0417deb", "isDeleted:":"true", "version":"1715444034592"}}
{"logTime": "0511/161850", "correlationVector":"X8QCgLQNnt9lvUSXrCnp+9.3","action":"GetUpdates Response", "result":"Success", "context":Received 5 update(s). cV=X8QCgLQNnt9lvUSXrCnp+9.0;server=GENERAL0100000B;cloudType=Consumer;environment=Prod_WestEurope_000l;migrationStage=NotStarted}
{"logTime": "0511/161850", "correlationVector":"4q538mfvkAUv9yYu2JJdyX","action":"Commit Request", "result":"", "context":Item count: 1
Contributing types: Preferences}
{"logTime": "0511/161850", "correlationVector":"4q538mfvkAUv9yYu2JJdyX.1","action":"SyncServerConnectionManagerRequest", "result":"SYNC_SERVER_OK", "context":{"environment":"Prod_WestEurope_000l", "migrationStage":"NotStarted", "server":"GENERAL01000006"}}
{"logTime": "0511/161850", "correlationVector":"4q538mfvkAUv9yYu2JJdyX.3","action":"Commit.Preferences", "result":"Success", "context":{"id":"c8763265-3609-425d-b8a6-d713b00a2117", "isDeleted":"true", "size":"0", "version":"1715441111731"}}
{"logTime": "0511/161850", "correlationVector":"4q538mfvkAUv9yYu2JJdyX.2","action":"Commit Response", "result":"Success", "context":Result: Success. cV=4q538mfvkAUv9yYu2JJdyX.0;server=GENERAL01000006;cloudType=Consumer;environment=Prod_WestEurope_000l;migrationStage=NotStarted}
{"logTime": "0511/161957", "correlationVector":"PdRALPvX8SZYOl1ZaK/4MV.1","action":"SyncServerConnectionManagerRequest", "result":"SYNC_SERVER_OK", "context":{"environment":"Prod_WestEurope_000l", "migrationStage":"NotStarted", "server":"general0100000F"}}
{"logTime": "0511/161957", "correlationVector":"PdRALPvX8SZYOl1ZaK/4MV","action":"Initial GetUpdates", "result":"", "context":Reason: NEW_CLIENT. cV=PdRALPvX8SZYOl1ZaK/4MV}
{"logTime": "0511/161957", "correlationVector":"PdRALPvX8SZYOl1ZaK/4MV.2","action":"GetUpdates Response", "result":"Success", "context":Received 1 update(s). cV=PdRALPvX8SZYOl1ZaK/4MV.0;server=general0100000F;cloudType=Consumer;environment=Prod_WestEurope_000l;migrationStage=NotStarted}
{"logTime": "0511/161957", "correlationVector":"3AgplKcf+fL2slLA5aPDBs","action":"SyncServerConnectionManagerRequest", "result":"SYNC_SERVER_OK", "context":{"environment":"", "migrationStage":"", "server":""}}
{"logTime": "0511/161957", "correlationVector":"gNlOtKFy1/h3LXkWMBPRvi","action":"Initial GetUpdates", "result":"", "context":Reason: NEWLY_SUPPORTED_DATATYPE. cV=gNlOtKFy1/h3LXkWMBPRvi}
{"logTime": "0511/161957", "correlationVector":"gNlOtKFy1/h3LXkWMBPRvi.1","action":"SyncServerConnectionManagerRequest", "result":"SYNC_SERVER_OK", "context":{"environment":"Prod_WestEurope_000l", "migrationStage":"NotStarted", "server":"general01000007"}}
{"logTime": "0511/161957", "correlationVector":"gNlOtKFy1/h3LXkWMBPRvi.2","action":"GetUpdates", "result":"DeleteReceived", "context":{"id":"be85e01b-d220-47ae-b46d-2cea89cb31da", "isDeleted:":"true", "version":"1688673941185"}}
{"logTime": "0511/161957", "correlationVector":"gNlOtKFy1/h3LXkWMBPRvi.3","action":"GetUpdates", "result":"DeleteReceived", "context":{"id":"a3fefc2f-f780-467d-ba0b-1c780a96baa7", "isDeleted:":"true", "version":"1688673942065"}}
{"logTime": "0511/161957", "correlationVector":"gNlOtKFy1/h3LXkWMBPRvi.4","action":"GetUpdates", "result":"DeleteReceived", "context":{"id":"6cee72b3-af33-47f6-a3b4-219a1121170b", "isDeleted:":"true", "version":"1688673943019"}}
{"logTime": "0511/161957", "correlationVector":"gNlOtKFy1/h3LXkWMBPRvi.5","action":"GetUpdates", "result":"DeleteReceived", "context":{"id":"c9661ad8-1586-415f-91ca-11d1ba7f47d2", "isDeleted:":"true", "version":"1689256914993"}}
{"logTime": "0511/161957", "correlationVector":"gNlOtKFy1/h3LXkWMBPRvi.6","action":"GetUpdates", "result":"DeleteReceived", "context":{"id":"060e95dd-4df2-4594-943a-12efba5b0249", "isDeleted:":"true", "version":"1691778887226"}}
{"logTime": "0511/161957", "correlationVector":"gNlOtKFy1/h3LXkWMBPRvi.7","action":"GetUpdates", "result":"DeleteReceived", "context":{"id":"7b85be58-fcee-4fd8-b929-841e2ce4668f", "isDeleted:":"true", "version":"1694369258904"}}
{"logTime": "0511/161957", "correlationVector":"gNlOtKFy1/h3LXkWMBPRvi.8","action":"GetUpdates", "result":"DeleteReceived", "context":{"id":"c7a4dc11-5dee-4a0e-9f03-e01c2e39d2aa", "isDeleted:":"true", "version":"1694369258907"}}
{"logTime": "0511/161957", "correlationVector":"gNlOtKFy1/h3LXkWMBPRvi.9","action":"GetUpdates", "result":"DeleteReceived", "context":{"id":"20ae241a-4d6f-422a-a415-32fd59fd88e2", "isDeleted:":"true", "version":"1694449911474"}}
{"logTime": "0511/161957", "correlationVector":"gNlOtKFy1/h3LXkWMBPRvi.10","action":"GetUpdates", "result":"DeleteReceived", "context":{"id":"021e4f57-7c1a-4087-a6ed-f5b34b5a6558", "isDeleted:":"true", "version":"1694456700093"}}
{"logTime": "0511/161957", "correlationVector":"gNlOtKFy1/h3LXkWMBPRvi.11","action":"GetUpdates", "result":"DeleteReceived", "context":{"id":"7a01413e-2b0c-4932-8869-80472b8984ab", "isDeleted:":"true", "version":"1694675549801"}}
{"logTime": "0511/161957", "correlationVector":"gNlOtKFy1/h3LXkWMBPRvi.12","action":"GetUpdates", "result":"DeleteReceived", "context":{"id":"763b06e9-2069-44fc-a179-9871dab8c0d5", "isDeleted:":"true", "version":"1694686616213"}}
{"logTime": "0511/161957", "correlationVector":"gNlOtKFy1/h3LXkWMBPRvi.13","action":"GetUpdates", "result":"DeleteReceived", "context":{"id":"9edf349a-4f13-459d-abce-fb23e5a0b7e6", "isDeleted:":"true", "version":"1695895909983"}}
{"logTime": "0511/161957", "correlationVector":"gNlOtKFy1/h3LXkWMBPRvi.14","action":"GetUpdates", "result":"DeleteReceived", "context":{"id":"b54cfff5-a065-40dd-b4da-dbc6954b442c", "isDeleted:":"true", "version":"1695895911308"}}
{"logTime": "0511/161957", "correlationVector":"gNlOtKFy1/h3LXkWMBPRvi.15","action":"GetUpdates", "result":"DeleteReceived", "context":{"id":"e9b31f0a-e6cd-4818-808b-c40e438cc134", "isDeleted:":"true", "version":"1695895915637"}}
{"logTime": "0511/161957", "correlationVector":"gNlOtKFy1/h3LXkWMBPRvi.16","action":"GetUpdates", "result":"DeleteReceived", "context":{"id":"a3f5315c-f711-4387-9aea-d5a350325047", "isDeleted:":"true", "version":"1695895928581"}}
{"logTime": "0511/161957", "correlationVector":"gNlOtKFy1/h3LXkWMBPRvi.17","action":"GetUpdates", "result":"DeleteReceived", "context":{"id":"9d0dad3b-81bc-4310-8278-08ed18773bab", "isDeleted:":"true", "version":"1695895930537"}}
{"logTime": "0511/161957", "correlationVector":"gNlOtKFy1/h3LXkWMBPRvi.18","action":"GetUpdates", "result":"DeleteReceived", "context":{"id":"f8faa43b-af9a-4a23-9dce-c4955d27c937", "isDeleted:":"true", "version":"1695896065516"}}
{"logTime": "0511/161957", "correlationVector":"gNlOtKFy1/h3LXkWMBPRvi.19","action":"GetUpdates", "result":"DeleteReceived", "context":{"id":"0669545b-271f-4931-9ee2-f88e362f0201", "isDeleted:":"true", "version":"1695896159677"}}
{"logTime": "0511/161957", "correlationVector":"gNlOtKFy1/h3LXkWMBPRvi.20","action":"GetUpdates", "result":"DeleteReceived", "context":{"id":"096de082-43bf-41d9-9d20-e7390e8d435a", "isDeleted:":"true", "version":"1696195714106"}}
{"logTime": "0511/161957", "correlationVector":"gNlOtKFy1/h3LXkWMBPRvi.21","action":"GetUpdates", "result":"DeleteReceived", "context":{"id":"154506b0-3cde-4fa6-82be-0d6746df0ade", "isDeleted:":"true", "version":"1696209195449"}}
{"logTime": "0511/161957", "correlationVector":"gNlOtKFy1/h3LXkWMBPRvi.22","action":"GetUpdates", "result":"DeleteReceived", "context":{"id":"76304eaa-4072-46a8-bee6-d8e4e940b452", "isDeleted:":"true", "version":"1696209225694"}}
{"logTime": "0511/161957", "correlationVector":"gNlOtKFy1/h3LXkWMBPRvi.23","action":"GetUpdates", "result":"DeleteReceived", "context":{"id":"7cf31273-1544-4af5-9b62-0ea99c7e8a98", "isDeleted:":"true", "version":"1696302181514"}}
{"logTime": "0511/161957", "correlationVector":"gNlOtKFy1/h3LXkWMBPRvi.24","action":"GetUpdates", "result":"DeleteReceived", "context":{"id":"7dadb57d-af32-4370-b90a-cdfefa77c157", "isDeleted:":"true", "version":"1696302181515"}}
{"logTime": "0511/161957", "correlationVector":"gNlOtKFy1/h3LXkWMBPRvi.25","action":"GetUpdates", "result":"DeleteReceived", "context":{"id":"5d44dc75-908c-4955-9832-ad97422d07f2", "isDeleted:":"true", "version":"1696431724147"}}
{"logTime": "0511/161957", "correlationVector":"gNlOtKFy1/h3LXkWMBPRvi.26","action":"GetUpdates", "result":"DeleteReceived", "context":{"id":"2739ec92-3347-4a5b-b015-98be473577a7", "isDeleted:":"true", "version":"1696542253581"}}
{"logTime": "0511/161957", "correlationVector":"gNlOtKFy1/h3LXkWMBPRvi.27","action":"GetUpdates", "result":"DeleteReceived", "context":{"id":"49d6f7f4-ce93-4a6c-a4e7-066cc95516d0", "isDeleted:":"true", "version":"1696542304935"}}
{"logTime": "0511/161957", "correlationVector":"gNlOtKFy1/h3LXkWMBPRvi.28","action":"GetUpdates", "result":"DeleteReceived", "context":{"id":"0247387e-7581-425f-9bbd-34227f2bb8b9", "isDeleted:":"true", "version":"1696542306378"}}
{"logTime": "0511/161957", "correlationVector":"gNlOtKFy1/h3LXkWMBPRvi.29","action":"GetUpdates", "result":"DeleteReceived", "context":{"id":"af97295f-697b-4958-a04c-fa818eee4cbb", "isDeleted:":"true", "version":"1696864520180"}}
{"logTime": "0511/161957", "correlationVector":"gNlOtKFy1/h3LXkWMBPRvi.30","action":"GetUpdates", "result":"DeleteReceived", "context":{"id":"4c53532b-b043-40d2-bac9-0ee3eb86f124", "isDeleted:":"true", "version":"1697109073008"}}
{"logTime": "0511/161957", "correlationVector":"gNlOtKFy1/h3LXkWMBPRvi.31","action":"GetUpdates", "result":"DeleteReceived", "context":{"id":"50cfc9d5-91bc-4606-b63b-58569737d63b", "isDeleted:":"true", "version":"1697109081064"}}
{"logTime": "0511/161957", "correlationVector":"gNlOtKFy1/h3LXkWMBPRvi.32","action":"GetUpdates", "result":"DeleteReceived", "context":{"id":"a8a3ec30-edc5-4509-858f-e963f31d2a97", "isDeleted:":"true", "version":"1697713379681"}}
{"logTime": "0511/161957", "correlationVector":"gNlOtKFy1/h3LXkWMBPRvi.33","action":"GetUpdates", "result":"DeleteReceived", "context":{"id":"7038c6bf-bc61-463e-839a-1bd6cf031ed7", "isDeleted:":"true", "version":"1697835830987"}}
{"logTime": "0511/161957", "correlationVector":"gNlOtKFy1/h3LXkWMBPRvi.34","action":"GetUpdates", "result":"DeleteReceived", "context":{"id":"5f451ca9-4f32-4208-aac0-b6a534e61eee", "isDeleted:":"true", "version":"1701643708123"}}
{"logTime": "0511/161957", "correlationVector":"gNlOtKFy1/h3LXkWMBPRvi.35","action":"GetUpdates", "result":"DeleteReceived", "context":{"id":"9272e7ad-91e1-45ab-a07b-546ad0d3a319", "isDeleted:":"true", "version":"1713260187486"}}
{"logTime": "0511/161957", "correlationVector":"gNlOtKFy1/h3LXkWMBPRvi.36","action":"GetUpdates Response", "result":"Success", "context":Received 250 update(s). cV=gNlOtKFy1/h3LXkWMBPRvi.0;server=general01000007;cloudType=Consumer;environment=Prod_WestEurope_000l;migrationStage=NotStarted Some updates remain.}
{"logTime": "0511/161957", "correlationVector":"b+1+9VyFoE2mtE8mZhOlYS","action":"Initial GetUpdates", "result":"", "context":Reason: NEWLY_SUPPORTED_DATATYPE. cV=b+1+9VyFoE2mtE8mZhOlYS}
{"logTime": "0511/161957", "correlationVector":"b+1+9VyFoE2mtE8mZhOlYS.1","action":"SyncServerConnectionManagerRequest", "result":"SYNC_SERVER_OK", "context":{"environment":"Prod_WestEurope_000l", "migrationStage":"NotStarted", "server":"general0100000Q"}}
{"logTime": "0511/161957", "correlationVector":"b+1+9VyFoE2mtE8mZhOlYS.2","action":"GetUpdates Response", "result":"Success", "context":Received 250 update(s). cV=b+1+9VyFoE2mtE8mZhOlYS.0;server=general0100000Q;cloudType=Consumer;environment=Prod_WestEurope_000l;migrationStage=NotStarted Some updates remain.}
{"logTime": "0511/161957", "correlationVector":"Ojl6n/RpzL8p13bzuJW9Ox","action":"Initial GetUpdates", "result":"", "context":Reason: NEWLY_SUPPORTED_DATATYPE. cV=Ojl6n/RpzL8p13bzuJW9Ox}
{"logTime": "0511/161957", "correlationVector":"Ojl6n/RpzL8p13bzuJW9Ox.1","action":"SyncServerConnectionManagerRequest", "result":"SYNC_SERVER_OK", "context":{"environment":"Prod_WestEurope_000l", "migrationStage":"NotStarted", "server":"GENERAL01000006"}}
{"logTime": "0511/161957", "correlationVector":"Ojl6n/RpzL8p13bzuJW9Ox.2","action":"GetUpdates Response", "result":"Success", "context":Received 33 update(s). cV=Ojl6n/RpzL8p13bzuJW9Ox.0;server=GENERAL01000006;cloudType=Consumer;environment=Prod_WestEurope_000l;migrationStage=NotStarted}
{"logTime": "0511/161957", "correlationVector":"78OPj0U3NuI60qXKgXwXJ9","action":"Normal GetUpdate request", "result":"", "context":cV=78OPj0U3NuI60qXKgXwXJ9
Nudged types: Sessions, Edge Tab Group
Refresh requested types: Bookmarks, Preferences, Passwords, Autofill Profiles, Autofill, Typed URLs, Extensions, Sessions, Extension settings, History Delete Directives, Device Info, User Consents, Send Tab To Self, Web Apps, Collection, Edge E Drop, Edge Hub App Usage, Edge Tab Group, Edge Wallet, Encryption Keys}
{"logTime": "0511/161957", "correlationVector":"78OPj0U3NuI60qXKgXwXJ9.1","action":"SyncServerConnectionManagerRequest", "result":"SYNC_SERVER_OK", "context":{"environment":"Prod_WestEurope_000l", "migrationStage":"NotStarted", "server":"general0100000P"}}
{"logTime": "0511/161957", "correlationVector":"78OPj0U3NuI60qXKgXwXJ9.2","action":"GetUpdates", "result":"DeleteReceived", "context":{"id":"c8763265-3609-425d-b8a6-d713b00a2117", "isDeleted:":"true", "version":"1715444329566"}}
{"logTime": "0511/161957", "correlationVector":"78OPj0U3NuI60qXKgXwXJ9.3","action":"GetUpdates", "result":"DeleteReceived", "context":{"id":"03ac4dc0-186c-48ae-b6c2-3562517c76d9", "isDeleted:":"true", "version":"1715444033026"}}
{"logTime": "0511/161957", "correlationVector":"78OPj0U3NuI60qXKgXwXJ9.4","action":"GetUpdates", "result":"DeleteReceived", "context":{"id":"35691699-71e6-4c8b-900a-42075cc8cd91", "isDeleted:":"true", "version":"1715444033027"}}
{"logTime": "0511/161957", "correlationVector":"78OPj0U3NuI60qXKgXwXJ9.5","action":"GetUpdates Response", "result":"Success", "context":Received 3 update(s). cV=78OPj0U3NuI60qXKgXwXJ9.0;server=general0100000P;cloudType=Consumer;environment=Prod_WestEurope_000l;migrationStage=NotStarted}
{"logTime": "0511/161957", "correlationVector":"4LDwKDIALNQtk3nU70bdaz","action":"Commit Request", "result":"", "context":Item count: 3
Contributing types: Sessions}
{"logTime": "0511/161957", "correlationVector":"4LDwKDIALNQtk3nU70bdaz.1","action":"SyncServerConnectionManagerRequest", "result":"SYNC_SERVER_OK", "context":{"environment":"Prod_WestEurope_000l", "migrationStage":"NotStarted", "server":"GENERAL0100000R"}}
{"logTime": "0511/161957", "correlationVector":"4LDwKDIALNQtk3nU70bdaz.3","action":"Commit.Sessions", "result":"Success", "context":{"id":"e45e5281-9b08-42a8-b2f8-19b0327b7e2d", "isDeleted":"true", "size":"0", "version":"1715444033023"}}
{"logTime": "0511/161957", "correlationVector":"4LDwKDIALNQtk3nU70bdaz.2","action":"Commit Response", "result":"Success", "context":Result: Success. cV=4LDwKDIALNQtk3nU70bdaz.0;server=GENERAL0100000R;cloudType=Consumer;environment=Prod_WestEurope_000l;migrationStage=NotStarted}
{"logTime": "0511/161957", "correlationVector":"i79Xv6L32OkGK75kF7t7Tc","action":"Normal GetUpdate request", "result":"", "context":cV=i79Xv6L32OkGK75kF7t7Tc
Nudged types: Passwords, Sessions}
{"logTime": "0511/161957", "correlationVector":"i79Xv6L32OkGK75kF7t7Tc.1","action":"SyncServerConnectionManagerRequest", "result":"SYNC_SERVER_OK", "context":{"environment":"Prod_WestEurope_000l", "migrationStage":"NotStarted", "server":"general01000021"}}
{"logTime": "0511/161957", "correlationVector":"i79Xv6L32OkGK75kF7t7Tc.2","action":"GetUpdates", "result":"DeleteReceived", "context":{"id":"e45e5281-9b08-42a8-b2f8-19b0327b7e2d", "isDeleted:":"true", "version":"1715444393210"}}
{"logTime": "0511/161957", "correlationVector":"i79Xv6L32OkGK75kF7t7Tc.3","action":"GetUpdates Response", "result":"Success", "context":Received 3 update(s). cV=i79Xv6L32OkGK75kF7t7Tc.0;server=general01000021;cloudType=Consumer;environment=Prod_WestEurope_000l;migrationStage=NotStarted}
{"logTime": "0511/161957", "correlationVector":"eAhYejzkah3lwy/Y3U0hp6","action":"Commit Request", "result":"", "context":Item count: 4
Contributing types: Passwords, Sessions}
{"logTime": "0511/161958", "correlationVector":"eAhYejzkah3lwy/Y3U0hp6.1","action":"SyncServerConnectionManagerRequest", "result":"SYNC_SERVER_OK", "context":{"environment":"Prod_WestEurope_000l", "migrationStage":"NotStarted", "server":"GENERAL0100000R"}}
{"logTime": "0511/161958", "correlationVector":"eAhYejzkah3lwy/Y3U0hp6.2","action":"Commit Response", "result":"Success", "context":Result: Success. cV=eAhYejzkah3lwy/Y3U0hp6.0;server=GENERAL0100000R;cloudType=Consumer;environment=Prod_WestEurope_000l;migrationStage=NotStarted}
{"logTime": "0511/162007", "correlationVector":"AFAjrq4eUekLKoRvTeIMJ4","action":"Commit Request", "result":"", "context":Item count: 1
Contributing types: Preferences}
{"logTime": "0511/162008", "correlationVector":"AFAjrq4eUekLKoRvTeIMJ4.1","action":"SyncServerConnectionManagerRequest", "result":"SYNC_SERVER_OK", "context":{"environment":"Prod_WestEurope_000l", "migrationStage":"NotStarted", "server":"GENERAL0100000H"}}
{"logTime": "0511/162008", "correlationVector":"AFAjrq4eUekLKoRvTeIMJ4.2","action":"Commit Response", "result":"Success", "context":Result: Success. cV=AFAjrq4eUekLKoRvTeIMJ4.0;server=GENERAL0100000H;cloudType=Consumer;environment=Prod_WestEurope_000l;migrationStage=NotStarted}
{"logTime": "0511/162052", "correlationVector":"FY2AA6aj6d4f05Yh4MMBgQ","action":"Commit Request", "result":"", "context":Item count: 1
Contributing types: Preferences}
{"logTime": "0511/162052", "correlationVector":"FY2AA6aj6d4f05Yh4MMBgQ.1","action":"SyncServerConnectionManagerRequest", "result":"SYNC_SERVER_OK", "context":{"environment":"Prod_WestEurope_000l", "migrationStage":"NotStarted", "server":"GENERAL01000008"}}
{"logTime": "0511/162052", "correlationVector":"FY2AA6aj6d4f05Yh4MMBgQ.2","action":"Commit Response", "result":"Success", "context":Result: Success. cV=FY2AA6aj6d4f05Yh4MMBgQ.0;server=GENERAL01000008;cloudType=Consumer;environment=Prod_WestEurope_000l;migrationStage=NotStarted}
{"logTime": "0511/220523", "correlationVector":"XBNaEp9esGyYaE/svJclb3.1","action":"SyncServerConnectionManagerRequest", "result":"SYNC_SERVER_OK", "context":{"environment":"Prod_WestEurope_000l", "migrationStage":"NotStarted", "server":"GENERAL01000015"}}
{"logTime": "0511/220523", "correlationVector":"XBNaEp9esGyYaE/svJclb3","action":"Initial GetUpdates", "result":"", "context":Reason: NEW_CLIENT. cV=XBNaEp9esGyYaE/svJclb3}
{"logTime": "0511/220523", "correlationVector":"XBNaEp9esGyYaE/svJclb3.2","action":"GetUpdates Response", "result":"Success", "context":Received 1 update(s). cV=XBNaEp9esGyYaE/svJclb3.0;server=GENERAL01000015;cloudType=Consumer;environment=Prod_WestEurope_000l;migrationStage=NotStarted}
{"logTime": "0511/220523", "correlationVector":"4kCtYfEGnvCOMDCAMrYLFg","action":"SyncServerConnectionManagerRequest", "result":"SYNC_SERVER_OK", "context":{"environment":"", "migrationStage":"", "server":""}}
{"logTime": "0511/220523", "correlationVector":"SvmN/IRXLKsHE/AqcccbX9","action":"Initial GetUpdates", "result":"", "context":Reason: NEWLY_SUPPORTED_DATATYPE. cV=SvmN/IRXLKsHE/AqcccbX9}
{"logTime": "0511/220523", "correlationVector":"SvmN/IRXLKsHE/AqcccbX9.1","action":"SyncServerConnectionManagerRequest", "result":"SYNC_SERVER_OK", "context":{"environment":"Prod_WestEurope_000l", "migrationStage":"NotStarted", "server":"general0100000X"}}
{"logTime": "0511/220523", "correlationVector":"SvmN/IRXLKsHE/AqcccbX9.2","action":"GetUpdates", "result":"DeleteReceived", "context":{"id":"be85e01b-d220-47ae-b46d-2cea89cb31da", "isDeleted:":"true", "version":"1688673941185"}}
{"logTime": "0511/220523", "correlationVector":"SvmN/IRXLKsHE/AqcccbX9.3","action":"GetUpdates", "result":"DeleteReceived", "context":{"id":"a3fefc2f-f780-467d-ba0b-1c780a96baa7", "isDeleted:":"true", "version":"1688673942065"}}
{"logTime": "0511/220523", "correlationVector":"SvmN/IRXLKsHE/AqcccbX9.4","action":"GetUpdates", "result":"DeleteReceived", "context":{"id":"6cee72b3-af33-47f6-a3b4-219a1121170b", "isDeleted:":"true", "version":"1688673943019"}}
{"logTime": "0511/220523", "correlationVector":"SvmN/IRXLKsHE/AqcccbX9.5","action":"GetUpdates", "result":"DeleteReceived", "context":{"id":"c9661ad8-1586-415f-91ca-11d1ba7f47d2", "isDeleted:":"true", "version":"1689256914993"}}
{"logTime": "0511/220523", "correlationVector":"SvmN/IRXLKsHE/AqcccbX9.6","action":"GetUpdates", "result":"DeleteReceived", "context":{"id":"060e95dd-4df2-4594-943a-12efba5b0249", "isDeleted:":"true", "version":"1691778887226"}}
{"logTime": "0511/220523", "correlationVector":"SvmN/IRXLKsHE/AqcccbX9.7","action":"GetUpdates", "result":"DeleteReceived", "context":{"id":"7b85be58-fcee-4fd8-b929-841e2ce4668f", "isDeleted:":"true", "version":"1694369258904"}}
{"logTime": "0511/220523", "correlationVector":"SvmN/IRXLKsHE/AqcccbX9.8","action":"GetUpdates", "result":"DeleteReceived", "context":{"id":"c7a4dc11-5dee-4a0e-9f03-e01c2e39d2aa", "isDeleted:":"true", "version":"1694369258907"}}
{"logTime": "0511/220523", "correlationVector":"SvmN/IRXLKsHE/AqcccbX9.9","action":"GetUpdates", "result":"DeleteReceived", "context":{"id":"20ae241a-4d6f-422a-a415-32fd59fd88e2", "isDeleted:":"true", "version":"1694449911474"}}
{"logTime": "0511/220523", "correlationVector":"SvmN/IRXLKsHE/AqcccbX9.10","action":"GetUpdates", "result":"DeleteReceived", "context":{"id":"021e4f57-7c1a-4087-a6ed-f5b34b5a6558", "isDeleted:":"true", "version":"1694456700093"}}
{"logTime": "0511/220523", "correlationVector":"SvmN/IRXLKsHE/AqcccbX9.11","action":"GetUpdates", "result":"DeleteReceived", "context":{"id":"7a01413e-2b0c-4932-8869-80472b8984ab", "isDeleted:":"true", "version":"1694675549801"}}
{"logTime": "0511/220523", "correlationVector":"SvmN/IRXLKsHE/AqcccbX9.12","action":"GetUpdates", "result":"DeleteReceived", "context":{"id":"763b06e9-2069-44fc-a179-9871dab8c0d5", "isDeleted:":"true", "version":"1694686616213"}}
{"logTime": "0511/220523", "correlationVector":"SvmN/IRXLKsHE/AqcccbX9.13","action":"GetUpdates", "result":"DeleteReceived", "context":{"id":"9edf349a-4f13-459d-abce-fb23e5a0b7e6", "isDeleted:":"true", "version":"1695895909983"}}
{"logTime": "0511/220523", "correlationVector":"SvmN/IRXLKsHE/AqcccbX9.14","action":"GetUpdates", "result":"DeleteReceived", "context":{"id":"b54cfff5-a065-40dd-b4da-dbc6954b442c", "isDeleted:":"true", "version":"1695895911308"}}
{"logTime": "0511/220523", "correlationVector":"SvmN/IRXLKsHE/AqcccbX9.15","action":"GetUpdates", "result":"DeleteReceived", "context":{"id":"e9b31f0a-e6cd-4818-808b-c40e438cc134", "isDeleted:":"true", "version":"1695895915637"}}
{"logTime": "0511/220523", "correlationVector":"SvmN/IRXLKsHE/AqcccbX9.16","action":"GetUpdates", "result":"DeleteReceived", "context":{"id":"a3f5315c-f711-4387-9aea-d5a350325047", "isDeleted:":"true", "version":"1695895928581"}}
{"logTime": "0511/220523", "correlationVector":"SvmN/IRXLKsHE/AqcccbX9.17","action":"GetUpdates", "result":"DeleteReceived", "context":{"id":"9d0dad3b-81bc-4310-8278-08ed18773bab", "isDeleted:":"true", "version":"1695895930537"}}
{"logTime": "0511/220523", "correlationVector":"SvmN/IRXLKsHE/AqcccbX9.18","action":"GetUpdates", "result":"DeleteReceived", "context":{"id":"f8faa43b-af9a-4a23-9dce-c4955d27c937", "isDeleted:":"true", "version":"1695896065516"}}
{"logTime": "0511/220523", "correlationVector":"SvmN/IRXLKsHE/AqcccbX9.19","action":"GetUpdates", "result":"DeleteReceived", "context":{"id":"0669545b-271f-4931-9ee2-f88e362f0201", "isDeleted:":"true", "version":"1695896159677"}}
{"logTime": "0511/220523", "correlationVector":"SvmN/IRXLKsHE/AqcccbX9.20","action":"GetUpdates", "result":"DeleteReceived", "context":{"id":"096de082-43bf-41d9-9d20-e7390e8d435a", "isDeleted:":"true", "version":"1696195714106"}}
{"logTime": "0511/220523", "correlationVector":"SvmN/IRXLKsHE/AqcccbX9.21","action":"GetUpdates", "result":"DeleteReceived", "context":{"id":"154506b0-3cde-4fa6-82be-0d6746df0ade", "isDeleted:":"true", "version":"1696209195449"}}
{"logTime": "0511/220523", "correlationVector":"SvmN/IRXLKsHE/AqcccbX9.22","action":"GetUpdates", "result":"DeleteReceived", "context":{"id":"76304eaa-4072-46a8-bee6-d8e4e940b452", "isDeleted:":"true", "version":"1696209225694"}}
{"logTime": "0511/220523", "correlationVector":"SvmN/IRXLKsHE/AqcccbX9.23","action":"GetUpdates", "result":"DeleteReceived", "context":{"id":"7cf31273-1544-4af5-9b62-0ea99c7e8a98", "isDeleted:":"true", "version":"1696302181514"}}
{"logTime": "0511/220523", "correlationVector":"SvmN/IRXLKsHE/AqcccbX9.24","action":"GetUpdates", "result":"DeleteReceived", "context":{"id":"7dadb57d-af32-4370-b90a-cdfefa77c157", "isDeleted:":"true", "version":"1696302181515"}}
{"logTime": "0511/220523", "correlationVector":"SvmN/IRXLKsHE/AqcccbX9.25","action":"GetUpdates", "result":"DeleteReceived", "context":{"id":"5d44dc75-908c-4955-9832-ad97422d07f2", "isDeleted:":"true", "version":"1696431724147"}}
{"logTime": "0511/220523", "correlationVector":"SvmN/IRXLKsHE/AqcccbX9.26","action":"GetUpdates", "result":"DeleteReceived", "context":{"id":"2739ec92-3347-4a5b-b015-98be473577a7", "isDeleted:":"true", "version":"1696542253581"}}
{"logTime": "0511/220523", "correlationVector":"SvmN/IRXLKsHE/AqcccbX9.27","action":"GetUpdates", "result":"DeleteReceived", "context":{"id":"49d6f7f4-ce93-4a6c-a4e7-066cc95516d0", "isDeleted:":"true", "version":"1696542304935"}}
{"logTime": "0511/220523", "correlationVector":"SvmN/IRXLKsHE/AqcccbX9.28","action":"GetUpdates", "result":"DeleteReceived", "context":{"id":"0247387e-7581-425f-9bbd-34227f2bb8b9", "isDeleted:":"true", "version":"1696542306378"}}
{"logTime": "0511/220523", "correlationVector":"SvmN/IRXLKsHE/AqcccbX9.29","action":"GetUpdates", "result":"DeleteReceived", "context":{"id":"af97295f-697b-4958-a04c-fa818eee4cbb", "isDeleted:":"true", "version":"1696864520180"}}
{"logTime": "0511/220523", "correlationVector":"SvmN/IRXLKsHE/AqcccbX9.30","action":"GetUpdates", "result":"DeleteReceived", "context":{"id":"4c53532b-b043-40d2-bac9-0ee3eb86f124", "isDeleted:":"true", "version":"1697109073008"}}
{"logTime": "0511/220523", "correlationVector":"SvmN/IRXLKsHE/AqcccbX9.31","action":"GetUpdates", "result":"DeleteReceived", "context":{"id":"50cfc9d5-91bc-4606-b63b-58569737d63b", "isDeleted:":"true", "version":"1697109081064"}}
{"logTime": "0511/220523", "correlationVector":"SvmN/IRXLKsHE/AqcccbX9.32","action":"GetUpdates", "result":"DeleteReceived", "context":{"id":"a8a3ec30-edc5-4509-858f-e963f31d2a97", "isDeleted:":"true", "version":"1697713379681"}}
{"logTime": "0511/220523", "correlationVector":"SvmN/IRXLKsHE/AqcccbX9.33","action":"GetUpdates", "result":"DeleteReceived", "context":{"id":"7038c6bf-bc61-463e-839a-1bd6cf031ed7", "isDeleted:":"true", "version":"1697835830987"}}
{"logTime": "0511/220523", "correlationVector":"SvmN/IRXLKsHE/AqcccbX9.34","action":"GetUpdates", "result":"DeleteReceived", "context":{"id":"5f451ca9-4f32-4208-aac0-b6a534e61eee", "isDeleted:":"true", "version":"1701643708123"}}
{"logTime": "0511/220523", "correlationVector":"SvmN/IRXLKsHE/AqcccbX9.35","action":"GetUpdates", "result":"DeleteReceived", "context":{"id":"9272e7ad-91e1-45ab-a07b-546ad0d3a319", "isDeleted:":"true", "version":"1713260187486"}}
{"logTime": "0511/220523", "correlationVector":"SvmN/IRXLKsHE/AqcccbX9.36","action":"GetUpdates Response", "result":"Success", "context":Received 250 update(s). cV=SvmN/IRXLKsHE/AqcccbX9.0;server=general0100000X;cloudType=Consumer;environment=Prod_WestEurope_000l;migrationStage=NotStarted Some updates remain.}
{"logTime": "0511/220523", "correlationVector":"ornLgM2dWiDZNci5/hBwH7","action":"Initial GetUpdates", "result":"", "context":Reason: NEWLY_SUPPORTED_DATATYPE. cV=ornLgM2dWiDZNci5/hBwH7}
{"logTime": "0511/220523", "correlationVector":"ornLgM2dWiDZNci5/hBwH7.1","action":"SyncServerConnectionManagerRequest", "result":"SYNC_SERVER_OK", "context":{"environment":"Prod_WestEurope_000l", "migrationStage":"NotStarted", "server":"GENERAL01000022"}}
{"logTime": "0511/220523", "correlationVector":"ornLgM2dWiDZNci5/hBwH7.2","action":"GetUpdates Response", "result":"Success", "context":Received 250 update(s). cV=ornLgM2dWiDZNci5/hBwH7.0;server=GENERAL01000022;cloudType=Consumer;environment=Prod_WestEurope_000l;migrationStage=NotStarted Some updates remain.}
{"logTime": "0511/220523", "correlationVector":"xP+/jDbjf6PxuoO3ZBrBwL","action":"Initial GetUpdates", "result":"", "context":Reason: NEWLY_SUPPORTED_DATATYPE. cV=xP+/jDbjf6PxuoO3ZBrBwL}
{"logTime": "0511/220523", "correlationVector":"xP+/jDbjf6PxuoO3ZBrBwL.1","action":"SyncServerConnectionManagerRequest", "result":"SYNC_SERVER_OK", "context":{"environment":"Prod_WestEurope_000l", "migrationStage":"NotStarted", "server":"general01000011"}}
{"logTime": "0511/220523", "correlationVector":"xP+/jDbjf6PxuoO3ZBrBwL.2","action":"GetUpdates Response", "result":"Success", "context":Received 33 update(s). cV=xP+/jDbjf6PxuoO3ZBrBwL.0;server=general01000011;cloudType=Consumer;environment=Prod_WestEurope_000l;migrationStage=NotStarted}
{"logTime": "0511/220523", "correlationVector":"x58fQ7UmHeTJmYMlUN09yQ","action":"Normal GetUpdate request", "result":"", "context":cV=x58fQ7UmHeTJmYMlUN09yQ
Nudged types: Sessions, Edge Tab Group
Refresh requested types: Bookmarks, Preferences, Passwords, Autofill Profiles, Autofill, Typed URLs, Extensions, Sessions, Extension settings, History Delete Directives, Device Info, User Consents, Send Tab To Self, Web Apps, Collection, Edge E Drop, Edge Hub App Usage, Edge Tab Group, Edge Wallet, Encryption Keys}
{"logTime": "0511/220523", "correlationVector":"x58fQ7UmHeTJmYMlUN09yQ.1","action":"SyncServerConnectionManagerRequest", "result":"SYNC_SERVER_OK", "context":{"environment":"Prod_WestEurope_000l", "migrationStage":"NotStarted", "server":"GENERAL01000027"}}
{"logTime": "0511/220523", "correlationVector":"x58fQ7UmHeTJmYMlUN09yQ.2","action":"GetUpdates", "result":"DeleteReceived", "context":{"id":"10ad4c6e-e415-4a17-8bf6-1280488b453c", "isDeleted:":"true", "version":"1715460640876"}}
{"logTime": "0511/220523", "correlationVector":"x58fQ7UmHeTJmYMlUN09yQ.3","action":"GetUpdates", "result":"DeleteReceived", "context":{"id":"03ac4dc0-186c-48ae-b6c2-3562517c76d9", "isDeleted:":"true", "version":"1715444033026"}}
{"logTime": "0511/220523", "correlationVector":"x58fQ7UmHeTJmYMlUN09yQ.4","action":"GetUpdates", "result":"DeleteReceived", "context":{"id":"35691699-71e6-4c8b-900a-42075cc8cd91", "isDeleted:":"true", "version":"1715444033027"}}
{"logTime": "0511/220523", "correlationVector":"x58fQ7UmHeTJmYMlUN09yQ.5","action":"GetUpdates Response", "result":"Success", "context":Received 14 update(s). cV=x58fQ7UmHeTJmYMlUN09yQ.0;server=GENERAL01000027;cloudType=Consumer;environment=Prod_WestEurope_000l;migrationStage=NotStarted}
{"logTime": "0511/220523", "correlationVector":"WZiiDtOfdRbNYHIUGvLFAT","action":"Commit Request", "result":"", "context":Item count: 3
Contributing types: Sessions}
{"logTime": "0511/220523", "correlationVector":"WZiiDtOfdRbNYHIUGvLFAT.1","action":"SyncServerConnectionManagerRequest", "result":"SYNC_SERVER_OK", "context":{"environment":"Prod_WestEurope_000l", "migrationStage":"NotStarted", "server":"GENERAL01000002"}}
{"logTime": "0511/220523", "correlationVector":"WZiiDtOfdRbNYHIUGvLFAT.2","action":"Commit Response", "result":"Success", "context":Result: Success. cV=WZiiDtOfdRbNYHIUGvLFAT.0;server=GENERAL01000002;cloudType=Consumer;environment=Prod_WestEurope_000l;migrationStage=NotStarted}
{"logTime": "0511/220523", "correlationVector":"WZiiDtOfdRbNYHIUGvLFAT.3","action":"Commit.Sessions", "result":"Success", "context":{"id":"4e821f89-ad26-4483-9de1-bd01e0dd8f53", "isDeleted":"true", "size":"0", "version":"1715444397532"}}
{"logTime": "0511/220523", "correlationVector":"gC2NRYYyKbiqSLI/0rPbJy","action":"Normal GetUpdate request", "result":"", "context":cV=gC2NRYYyKbiqSLI/0rPbJy
Nudged types: Sessions}
{"logTime": "0511/220523", "correlationVector":"gC2NRYYyKbiqSLI/0rPbJy.1","action":"SyncServerConnectionManagerRequest", "result":"SYNC_SERVER_OK", "context":{"environment":"Prod_WestEurope_000l", "migrationStage":"NotStarted", "server":"GENERAL0100000A"}}
{"logTime": "0511/220523", "correlationVector":"gC2NRYYyKbiqSLI/0rPbJy.2","action":"GetUpdates", "result":"DeleteReceived", "context":{"id":"4e821f89-ad26-4483-9de1-bd01e0dd8f53", "isDeleted:":"true", "version":"1715465066744"}}
{"logTime": "0511/220523", "correlationVector":"gC2NRYYyKbiqSLI/0rPbJy.3","action":"GetUpdates Response", "result":"Success", "context":Received 3 update(s). cV=gC2NRYYyKbiqSLI/0rPbJy.0;server=GENERAL0100000A;cloudType=Consumer;environment=Prod_WestEurope_000l;migrationStage=NotStarted}
{"logTime": "0511/220523", "correlationVector":"y3koB7Cl4h84WSuWxCJLSk","action":"Commit Request", "result":"", "context":Item count: 1
Contributing types: Sessions}
{"logTime": "0511/220523", "correlationVector":"y3koB7Cl4h84WSuWxCJLSk.1","action":"SyncServerConnectionManagerRequest", "result":"SYNC_SERVER_OK", "context":{"environment":"Prod_WestEurope_000l", "migrationStage":"NotStarted", "server":"GENERAL0100000V"}}
{"logTime": "0511/220523", "correlationVector":"y3koB7Cl4h84WSuWxCJLSk.2","action":"Commit Response", "result":"Success", "context":Result: Success. cV=y3koB7Cl4h84WSuWxCJLSk.0;server=GENERAL0100000V;cloudType=Consumer;environment=Prod_WestEurope_000l;migrationStage=NotStarted}
{"logTime": "0511/220523", "correlationVector":"Cak2xlOIO0pfupnqYCav8H","action":"Poll GetUpdate request", "result":"", "context":cV=Cak2xlOIO0pfupnqYCav8H}
{"logTime": "0511/220523", "correlationVector":"Cak2xlOIO0pfupnqYCav8H.1","action":"SyncServerConnectionManagerRequest", "result":"SYNC_SERVER_OK", "context":{"environment":"Prod_WestEurope_000l", "migrationStage":"NotStarted", "server":"GENERAL01000005"}}
{"logTime": "0511/220523", "correlationVector":"Cak2xlOIO0pfupnqYCav8H.2","action":"GetUpdates Response", "result":"Success", "context":Received 1 update(s). cV=Cak2xlOIO0pfupnqYCav8H.0;server=GENERAL01000005;cloudType=Consumer;environment=Prod_WestEurope_000l;migrationStage=NotStarted}
{"logTime": "0511/220523", "correlationVector":"wbzXChx98HxVQcHi065ZEp","action":"Commit Request", "result":"", "context":Item count: 1
Contributing types: Preferences}
{"logTime": "0511/220523", "correlationVector":"wbzXChx98HxVQcHi065ZEp.1","action":"SyncServerConnectionManagerRequest", "result":"SYNC_SERVER_OK", "context":{"environment":"Prod_WestEurope_000l", "migrationStage":"NotStarted", "server":"GENERAL0100000G"}}
{"logTime": "0511/220523", "correlationVector":"wbzXChx98HxVQcHi065ZEp.2","action":"Commit Response", "result":"Success", "context":Result: Success. cV=wbzXChx98HxVQcHi065ZEp.0;server=GENERAL0100000G;cloudType=Consumer;environment=Prod_WestEurope_000l;migrationStage=NotStarted}
{"logTime": "0511/220523", "correlationVector":"6TNr+26kJQ6MyFKqF/gLei","action":"Normal GetUpdate request", "result":"", "context":cV=6TNr+26kJQ6MyFKqF/gLei
Notified types: Preferences, Typed URLs, Edge Tab Group}
{"logTime": "0511/220523", "correlationVector":"6TNr+26kJQ6MyFKqF/gLei.1","action":"SyncServerConnectionManagerRequest", "result":"SYNC_SERVER_OK", "context":{"environment":"Prod_WestEurope_000l", "migrationStage":"NotStarted", "server":"GENERAL01000015"}}
{"logTime": "0511/220523", "correlationVector":"6TNr+26kJQ6MyFKqF/gLei.2","action":"GetUpdates Response", "result":"Success", "context":Received 9 update(s). cV=6TNr+26kJQ6MyFKqF/gLei.0;server=GENERAL01000015;cloudType=Consumer;environment=Prod_WestEurope_000l;migrationStage=NotStarted}
{"logTime": "0511/220523", "correlationVector":"fJVffBvPagF+Zt3QixLBWa","action":"Commit Request", "result":"", "context":Item count: 2
Contributing types: Edge Tab Group}
{"logTime": "0511/220523", "correlationVector":"fJVffBvPagF+Zt3QixLBWa.1","action":"SyncServerConnectionManagerRequest", "result":"SYNC_SERVER_OK", "context":{"environment":"Prod_WestEurope_000l", "migrationStage":"NotStarted", "server":"GENERAL01000005"}}
{"logTime": "0511/220523", "correlationVector":"fJVffBvPagF+Zt3QixLBWa.3","action":"Commit.Edge Tab Group", "result":"Success", "context":{"id":"03ac4dc0-186c-48ae-b6c2-3562517c76d9", "isDeleted":"true", "size":"0", "version":"1715465082857"}}
{"logTime": "0511/220523", "correlationVector":"fJVffBvPagF+Zt3QixLBWa.4","action":"Commit.Edge Tab Group", "result":"Success", "context":{"id":"35691699-71e6-4c8b-900a-42075cc8cd91", "isDeleted":"true", "size":"0", "version":"1715465082858"}}
{"logTime": "0511/220523", "correlationVector":"fJVffBvPagF+Zt3QixLBWa.2","action":"Commit Response", "result":"Success", "context":Result: Success. cV=fJVffBvPagF+Zt3QixLBWa.0;server=GENERAL01000005;cloudType=Consumer;environment=Prod_WestEurope_000l;migrationStage=NotStarted}
{"logTime": "0511/220523", "correlationVector":"ohIzqUhCOrJ6MUL7BRLju5","action":"Normal GetUpdate request", "result":"", "context":cV=ohIzqUhCOrJ6MUL7BRLju5
Nudged types: Edge Tab Group
Notified types: Edge Tab Group}
{"logTime": "0511/220523", "correlationVector":"ohIzqUhCOrJ6MUL7BRLju5.1","action":"SyncServerConnectionManagerRequest", "result":"SYNC_SERVER_OK", "context":{"environment":"Prod_WestEurope_000l", "migrationStage":"NotStarted", "server":"GENERAL0100000I"}}
{"logTime": "0511/220523", "correlationVector":"ohIzqUhCOrJ6MUL7BRLju5.2","action":"GetUpdates", "result":"DeleteReceived", "context":{"id":"03ac4dc0-186c-48ae-b6c2-3562517c76d9", "isDeleted:":"true", "version":"1715465084306"}}
{"logTime": "0511/220523", "correlationVector":"ohIzqUhCOrJ6MUL7BRLju5.3","action":"GetUpdates", "result":"DeleteReceived", "context":{"id":"35691699-71e6-4c8b-900a-42075cc8cd91", "isDeleted:":"true", "version":"1715465084307"}}
{"logTime": "0511/220523", "correlationVector":"ohIzqUhCOrJ6MUL7BRLju5.4","action":"GetUpdates Response", "result":"Success", "context":Received 2 update(s). cV=ohIzqUhCOrJ6MUL7BRLju5.0;server=GENERAL0100000I;cloudType=Consumer;environment=Prod_WestEurope_000l;migrationStage=NotStarted}
{"logTime": "0511/220524", "correlationVector":"6MnFeubOwGWHSfTiKAYuif","action":"Commit Request", "result":"", "context":Item count: 4
Contributing types: Preferences, Passwords}
{"logTime": "0511/220524", "correlationVector":"6MnFeubOwGWHSfTiKAYuif.1","action":"SyncServerConnectionManagerRequest", "result":"SYNC_SERVER_OK", "context":{"environment":"Prod_WestEurope_000l", "migrationStage":"NotStarted", "server":"GENERAL0100000I"}}
{"logTime": "0511/220524", "correlationVector":"6MnFeubOwGWHSfTiKAYuif.2","action":"Commit Response", "result":"Success", "context":Result: Success. cV=6MnFeubOwGWHSfTiKAYuif.0;server=GENERAL0100000I;cloudType=Consumer;environment=Prod_WestEurope_000l;migrationStage=NotStarted}
{"logTime": "0511/220924", "correlationVector":"Tx940oTxxj8oYKLsXBd1zx","action":"Normal GetUpdate request", "result":"", "context":cV=Tx940oTxxj8oYKLsXBd1zx
Nudged types: Preferences
Refresh requested types: Bookmarks, Preferences, Passwords, Autofill Profiles, Autofill, Typed URLs, Extensions, Sessions, Extension settings, History Delete Directives, Device Info, User Consents, Send Tab To Self, Web Apps, Collection, Edge E Drop, Edge Hub App Usage, Edge Tab Group, Edge Wallet, Encryption Keys}
{"logTime": "0511/220924", "correlationVector":"Tx940oTxxj8oYKLsXBd1zx.1","action":"SyncServerConnectionManagerRequest", "result":"SYNC_SERVER_OK", "context":{"environment":"Prod_WestEurope_000l", "migrationStage":"NotStarted", "server":"general0100000E"}}
{"logTime": "0511/220924", "correlationVector":"Tx940oTxxj8oYKLsXBd1zx.2","action":"GetUpdates Response", "result":"Success", "context":Received 4 update(s). cV=Tx940oTxxj8oYKLsXBd1zx.0;server=general0100000E;cloudType=Consumer;environment=Prod_WestEurope_000l;migrationStage=NotStarted}
{"logTime": "0511/220924", "correlationVector":"24eEWNpdqH4DLJ1sfjl787","action":"Commit Request", "result":"", "context":Item count: 1
Contributing types: Preferences}
{"logTime": "0511/220925", "correlationVector":"24eEWNpdqH4DLJ1sfjl787.1","action":"SyncServerConnectionManagerRequest", "result":"SYNC_SERVER_OK", "context":{"environment":"Prod_WestEurope_000l", "migrationStage":"NotStarted", "server":"GENERAL0100000I"}}
{"logTime": "0511/220925", "correlationVector":"24eEWNpdqH4DLJ1sfjl787.3","action":"Commit.Preferences", "result":"Success", "context":{"id":"1974d49c-a8da-43b3-8126-b6b2202a07c7", "isDeleted":"true", "size":"0", "version":"1715444451661"}}
{"logTime": "0511/220925", "correlationVector":"24eEWNpdqH4DLJ1sfjl787.2","action":"Commit Response", "result":"Success", "context":Result: Success. cV=24eEWNpdqH4DLJ1sfjl787.0;server=GENERAL0100000I;cloudType=Consumer;environment=Prod_WestEurope_000l;migrationStage=NotStarted}
{"logTime": "0511/222758", "correlationVector":"45yD6NsYxpqgk/gN7oT4/s.1","action":"SyncServerConnectionManagerRequest", "result":"SYNC_SERVER_OK", "context":{"environment":"Prod_WestEurope_000l", "migrationStage":"NotStarted", "server":"GENERAL01000023"}}
{"logTime": "0511/222758", "correlationVector":"45yD6NsYxpqgk/gN7oT4/s","action":"Initial GetUpdates", "result":"", "context":Reason: NEW_CLIENT. cV=45yD6NsYxpqgk/gN7oT4/s}
{"logTime": "0511/222758", "correlationVector":"45yD6NsYxpqgk/gN7oT4/s.2","action":"GetUpdates Response", "result":"Success", "context":Received 1 update(s). cV=45yD6NsYxpqgk/gN7oT4/s.0;server=GENERAL01000023;cloudType=Consumer;environment=Prod_WestEurope_000l;migrationStage=NotStarted}
{"logTime": "0511/222758", "correlationVector":"+34hX3g4A9JadBcRZQ5iN3","action":"SyncServerConnectionManagerRequest", "result":"SYNC_SERVER_OK", "context":{"environment":"", "migrationStage":"", "server":""}}
{"logTime": "0511/222758", "correlationVector":"6quf93XSJAwHeIHP1yYXsh","action":"Initial GetUpdates", "result":"", "context":Reason: NEWLY_SUPPORTED_DATATYPE. cV=6quf93XSJAwHeIHP1yYXsh}
{"logTime": "0511/222758", "correlationVector":"6quf93XSJAwHeIHP1yYXsh.1","action":"SyncServerConnectionManagerRequest", "result":"SYNC_SERVER_OK", "context":{"environment":"Prod_WestEurope_000l", "migrationStage":"NotStarted", "server":"GENERAL0100001Z"}}
{"logTime": "0511/222758", "correlationVector":"6quf93XSJAwHeIHP1yYXsh.2","action":"GetUpdates", "result":"DeleteReceived", "context":{"id":"be85e01b-d220-47ae-b46d-2cea89cb31da", "isDeleted:":"true", "version":"1688673941185"}}
{"logTime": "0511/222758", "correlationVector":"6quf93XSJAwHeIHP1yYXsh.3","action":"GetUpdates", "result":"DeleteReceived", "context":{"id":"a3fefc2f-f780-467d-ba0b-1c780a96baa7", "isDeleted:":"true", "version":"1688673942065"}}
{"logTime": "0511/222758", "correlationVector":"6quf93XSJAwHeIHP1yYXsh.4","action":"GetUpdates", "result":"DeleteReceived", "context":{"id":"6cee72b3-af33-47f6-a3b4-219a1121170b", "isDeleted:":"true", "version":"1688673943019"}}
{"logTime": "0511/222758", "correlationVector":"6quf93XSJAwHeIHP1yYXsh.5","action":"GetUpdates", "result":"DeleteReceived", "context":{"id":"c9661ad8-1586-415f-91ca-11d1ba7f47d2", "isDeleted:":"true", "version":"1689256914993"}}
{"logTime": "0511/222758", "correlationVector":"6quf93XSJAwHeIHP1yYXsh.6","action":"GetUpdates", "result":"DeleteReceived", "context":{"id":"060e95dd-4df2-4594-943a-12efba5b0249", "isDeleted:":"true", "version":"1691778887226"}}
{"logTime": "0511/222758", "correlationVector":"6quf93XSJAwHeIHP1yYXsh.7","action":"GetUpdates", "result":"DeleteReceived", "context":{"id":"7b85be58-fcee-4fd8-b929-841e2ce4668f", "isDeleted:":"true", "version":"1694369258904"}}
{"logTime": "0511/222758", "correlationVector":"6quf93XSJAwHeIHP1yYXsh.8","action":"GetUpdates", "result":"DeleteReceived", "context":{"id":"c7a4dc11-5dee-4a0e-9f03-e01c2e39d2aa", "isDeleted:":"true", "version":"1694369258907"}}
{"logTime": "0511/222758", "correlationVector":"6quf93XSJAwHeIHP1yYXsh.9","action":"GetUpdates", "result":"DeleteReceived", "context":{"id":"20ae241a-4d6f-422a-a415-32fd59fd88e2", "isDeleted:":"true", "version":"1694449911474"}}
{"logTime": "0511/222758", "correlationVector":"6quf93XSJAwHeIHP1yYXsh.10","action":"GetUpdates", "result":"DeleteReceived", "context":{"id":"021e4f57-7c1a-4087-a6ed-f5b34b5a6558", "isDeleted:":"true", "version":"1694456700093"}}
{"logTime": "0511/222758", "correlationVector":"6quf93XSJAwHeIHP1yYXsh.11","action":"GetUpdates", "result":"DeleteReceived", "context":{"id":"7a01413e-2b0c-4932-8869-80472b8984ab", "isDeleted:":"true", "version":"1694675549801"}}
{"logTime": "0511/222758", "correlationVector":"6quf93XSJAwHeIHP1yYXsh.12","action":"GetUpdates", "result":"DeleteReceived", "context":{"id":"763b06e9-2069-44fc-a179-9871dab8c0d5", "isDeleted:":"true", "version":"1694686616213"}}
{"logTime": "0511/222758", "correlationVector":"6quf93XSJAwHeIHP1yYXsh.13","action":"GetUpdates", "result":"DeleteReceived", "context":{"id":"9edf349a-4f13-459d-abce-fb23e5a0b7e6", "isDeleted:":"true", "version":"1695895909983"}}
{"logTime": "0511/222758", "correlationVector":"6quf93XSJAwHeIHP1yYXsh.14","action":"GetUpdates", "result":"DeleteReceived", "context":{"id":"b54cfff5-a065-40dd-b4da-dbc6954b442c", "isDeleted:":"true", "version":"1695895911308"}}
{"logTime": "0511/222758", "correlationVector":"6quf93XSJAwHeIHP1yYXsh.15","action":"GetUpdates", "result":"DeleteReceived", "context":{"id":"e9b31f0a-e6cd-4818-808b-c40e438cc134", "isDeleted:":"true", "version":"1695895915637"}}
{"logTime": "0511/222758", "correlationVector":"6quf93XSJAwHeIHP1yYXsh.16","action":"GetUpdates", "result":"DeleteReceived", "context":{"id":"a3f5315c-f711-4387-9aea-d5a350325047", "isDeleted:":"true", "version":"1695895928581"}}
{"logTime": "0511/222758", "correlationVector":"6quf93XSJAwHeIHP1yYXsh.17","action":"GetUpdates", "result":"DeleteReceived", "context":{"id":"9d0dad3b-81bc-4310-8278-08ed18773bab", "isDeleted:":"true", "version":"1695895930537"}}
{"logTime": "0511/222758", "correlationVector":"6quf93XSJAwHeIHP1yYXsh.18","action":"GetUpdates", "result":"DeleteReceived", "context":{"id":"f8faa43b-af9a-4a23-9dce-c4955d27c937", "isDeleted:":"true", "version":"1695896065516"}}
{"logTime": "0511/222758", "correlationVector":"6quf93XSJAwHeIHP1yYXsh.19","action":"GetUpdates", "result":"DeleteReceived", "context":{"id":"0669545b-271f-4931-9ee2-f88e362f0201", "isDeleted:":"true", "version":"1695896159677"}}
{"logTime": "0511/222758", "correlationVector":"6quf93XSJAwHeIHP1yYXsh.20","action":"GetUpdates", "result":"DeleteReceived", "context":{"id":"096de082-43bf-41d9-9d20-e7390e8d435a", "isDeleted:":"true", "version":"1696195714106"}}
{"logTime": "0511/222758", "correlationVector":"6quf93XSJAwHeIHP1yYXsh.21","action":"GetUpdates", "result":"DeleteReceived", "context":{"id":"154506b0-3cde-4fa6-82be-0d6746df0ade", "isDeleted:":"true", "version":"1696209195449"}}
{"logTime": "0511/222758", "correlationVector":"6quf93XSJAwHeIHP1yYXsh.22","action":"GetUpdates", "result":"DeleteReceived", "context":{"id":"76304eaa-4072-46a8-bee6-d8e4e940b452", "isDeleted:":"true", "version":"1696209225694"}}
{"logTime": "0511/222758", "correlationVector":"6quf93XSJAwHeIHP1yYXsh.23","action":"GetUpdates", "result":"DeleteReceived", "context":{"id":"7cf31273-1544-4af5-9b62-0ea99c7e8a98", "isDeleted:":"true", "version":"1696302181514"}}
{"logTime": "0511/222758", "correlationVector":"6quf93XSJAwHeIHP1yYXsh.24","action":"GetUpdates", "result":"DeleteReceived", "context":{"id":"7dadb57d-af32-4370-b90a-cdfefa77c157", "isDeleted:":"true", "version":"1696302181515"}}
{"logTime": "0511/222758", "correlationVector":"6quf93XSJAwHeIHP1yYXsh.25","action":"GetUpdates", "result":"DeleteReceived", "context":{"id":"5d44dc75-908c-4955-9832-ad97422d07f2", "isDeleted:":"true", "version":"1696431724147"}}
{"logTime": "0511/222758", "correlationVector":"6quf93XSJAwHeIHP1yYXsh.26","action":"GetUpdates", "result":"DeleteReceived", "context":{"id":"2739ec92-3347-4a5b-b015-98be473577a7", "isDeleted:":"true", "version":"1696542253581"}}
{"logTime": "0511/222758", "correlationVector":"6quf93XSJAwHeIHP1yYXsh.27","action":"GetUpdates", "result":"DeleteReceived", "context":{"id":"49d6f7f4-ce93-4a6c-a4e7-066cc95516d0", "isDeleted:":"true", "version":"1696542304935"}}
{"logTime": "0511/222758", "correlationVector":"6quf93XSJAwHeIHP1yYXsh.28","action":"GetUpdates", "result":"DeleteReceived", "context":{"id":"0247387e-7581-425f-9bbd-34227f2bb8b9", "isDeleted:":"true", "version":"1696542306378"}}
{"logTime": "0511/222758", "correlationVector":"6quf93XSJAwHeIHP1yYXsh.29","action":"GetUpdates", "result":"DeleteReceived", "context":{"id":"af97295f-697b-4958-a04c-fa818eee4cbb", "isDeleted:":"true", "version":"1696864520180"}}
{"logTime": "0511/222758", "correlationVector":"6quf93XSJAwHeIHP1yYXsh.30","action":"GetUpdates", "result":"DeleteReceived", "context":{"id":"4c53532b-b043-40d2-bac9-0ee3eb86f124", "isDeleted:":"true", "version":"1697109073008"}}
{"logTime": "0511/222758", "correlationVector":"6quf93XSJAwHeIHP1yYXsh.31","action":"GetUpdates", "result":"DeleteReceived", "context":{"id":"50cfc9d5-91bc-4606-b63b-58569737d63b", "isDeleted:":"true", "version":"1697109081064"}}
{"logTime": "0511/222758", "correlationVector":"6quf93XSJAwHeIHP1yYXsh.32","action":"GetUpdates", "result":"DeleteReceived", "context":{"id":"a8a3ec30-edc5-4509-858f-e963f31d2a97", "isDeleted:":"true", "version":"1697713379681"}}
{"logTime": "0511/222758", "correlationVector":"6quf93XSJAwHeIHP1yYXsh.33","action":"GetUpdates", "result":"DeleteReceived", "context":{"id":"7038c6bf-bc61-463e-839a-1bd6cf031ed7", "isDeleted:":"true", "version":"1697835830987"}}
{"logTime": "0511/222758", "correlationVector":"6quf93XSJAwHeIHP1yYXsh.34","action":"GetUpdates", "result":"DeleteReceived", "context":{"id":"5f451ca9-4f32-4208-aac0-b6a534e61eee", "isDeleted:":"true", "version":"1701643708123"}}
{"logTime": "0511/222758", "correlationVector":"6quf93XSJAwHeIHP1yYXsh.35","action":"GetUpdates", "result":"DeleteReceived", "context":{"id":"9272e7ad-91e1-45ab-a07b-546ad0d3a319", "isDeleted:":"true", "version":"1713260187486"}}
{"logTime": "0511/222758", "correlationVector":"6quf93XSJAwHeIHP1yYXsh.36","action":"GetUpdates Response", "result":"Success", "context":Received 250 update(s). cV=6quf93XSJAwHeIHP1yYXsh.0;server=GENERAL0100001Z;cloudType=Consumer;environment=Prod_WestEurope_000l;migrationStage=NotStarted Some updates remain.}
{"logTime": "0511/222758", "correlationVector":"Z0p9Qal1VNzXSw/58Fgw5s","action":"Initial GetUpdates", "result":"", "context":Reason: NEWLY_SUPPORTED_DATATYPE. cV=Z0p9Qal1VNzXSw/58Fgw5s}
{"logTime": "0511/222758", "correlationVector":"Z0p9Qal1VNzXSw/58Fgw5s.1","action":"SyncServerConnectionManagerRequest", "result":"SYNC_SERVER_OK", "context":{"environment":"Prod_WestEurope_000l", "migrationStage":"NotStarted", "server":"GENERAL0100000K"}}
{"logTime": "0511/222758", "correlationVector":"Z0p9Qal1VNzXSw/58Fgw5s.2","action":"GetUpdates Response", "result":"Success", "context":Received 250 update(s). cV=Z0p9Qal1VNzXSw/58Fgw5s.0;server=GENERAL0100000K;cloudType=Consumer;environment=Prod_WestEurope_000l;migrationStage=NotStarted Some updates remain.}
{"logTime": "0511/222758", "correlationVector":"X9zUDQs8kzoSo7/crkjv6G","action":"Initial GetUpdates", "result":"", "context":Reason: NEWLY_SUPPORTED_DATATYPE. cV=X9zUDQs8kzoSo7/crkjv6G}
{"logTime": "0511/222758", "correlationVector":"X9zUDQs8kzoSo7/crkjv6G.1","action":"SyncServerConnectionManagerRequest", "result":"SYNC_SERVER_OK", "context":{"environment":"Prod_WestEurope_000l", "migrationStage":"NotStarted", "server":"GENERAL0100000N"}}
{"logTime": "0511/222758", "correlationVector":"X9zUDQs8kzoSo7/crkjv6G.2","action":"GetUpdates Response", "result":"Success", "context":Received 33 update(s). cV=X9zUDQs8kzoSo7/crkjv6G.0;server=GENERAL0100000N;cloudType=Consumer;environment=Prod_WestEurope_000l;migrationStage=NotStarted}
{"logTime": "0511/222758", "correlationVector":"wHt85//6rhBfIwahkZk/Kd","action":"Normal GetUpdate request", "result":"", "context":cV=wHt85//6rhBfIwahkZk/Kd
Nudged types: Sessions, Edge Tab Group
Refresh requested types: Bookmarks, Preferences, Passwords, Autofill Profiles, Autofill, Typed URLs, Extensions, Sessions, Extension settings, History Delete Directives, Device Info, User Consents, Send Tab To Self, Web Apps, Collection, Edge E Drop, Edge Hub App Usage, Edge Tab Group, Edge Wallet, Encryption Keys}
{"logTime": "0511/222758", "correlationVector":"wHt85//6rhBfIwahkZk/Kd.1","action":"SyncServerConnectionManagerRequest", "result":"SYNC_SERVER_OK", "context":{"environment":"Prod_WestEurope_000l", "migrationStage":"NotStarted", "server":"general0100000Z"}}
{"logTime": "0511/222758", "correlationVector":"wHt85//6rhBfIwahkZk/Kd.2","action":"GetUpdates", "result":"DeleteReceived", "context":{"id":"1974d49c-a8da-43b3-8126-b6b2202a07c7", "isDeleted:":"true", "version":"1715465363847"}}
{"logTime": "0511/222758", "correlationVector":"wHt85//6rhBfIwahkZk/Kd.3","action":"GetUpdates Response", "result":"Success", "context":Received 7 update(s). cV=wHt85//6rhBfIwahkZk/Kd.0;server=general0100000Z;cloudType=Consumer;environment=Prod_WestEurope_000l;migrationStage=NotStarted}
{"logTime": "0511/222758", "correlationVector":"f/4TQDOU9khLoDZf1GQz5C","action":"Commit Request", "result":"", "context":Item count: 5
Contributing types: Sessions, Edge Tab Group}
{"logTime": "0511/222758", "correlationVector":"f/4TQDOU9khLoDZf1GQz5C.1","action":"SyncServerConnectionManagerRequest", "result":"SYNC_SERVER_OK", "context":{"environment":"Prod_WestEurope_000l", "migrationStage":"NotStarted", "server":"GENERAL01000013"}}
{"logTime": "0511/222758", "correlationVector":"f/4TQDOU9khLoDZf1GQz5C.3","action":"Commit.Sessions", "result":"Success", "context":{"id":"df2804fb-86ea-4645-ba5a-1bcc74d6f437", "isDeleted":"true", "size":"0", "version":"1715465067435"}}
{"logTime": "0511/222758", "correlationVector":"f/4TQDOU9khLoDZf1GQz5C.2","action":"Commit Response", "result":"Success", "context":Result: Success. cV=f/4TQDOU9khLoDZf1GQz5C.0;server=GENERAL01000013;cloudType=Consumer;environment=Prod_WestEurope_000l;migrationStage=NotStarted}
{"logTime": "0511/222758", "correlationVector":"f/4TQDOU9khLoDZf1GQz5C.4","action":"Commit.Edge Tab Group", "result":"Success", "context":{"id":"03ac4dc0-186c-48ae-b6c2-3562517c76d9", "isDeleted":"true", "size":"0", "version":"1715465927556"}}
{"logTime": "0511/222758", "correlationVector":"f/4TQDOU9khLoDZf1GQz5C.5","action":"Commit.Edge Tab Group", "result":"Success", "context":{"id":"35691699-71e6-4c8b-900a-42075cc8cd91", "isDeleted":"true", "size":"0", "version":"1715465927557"}}
{"logTime": "0511/222758", "correlationVector":"y0RffdAez5cEYd7pwn71iK","action":"Normal GetUpdate request", "result":"", "context":cV=y0RffdAez5cEYd7pwn71iK
Nudged types: Sessions, Edge Tab Group
Notified types: Edge Tab Group}
{"logTime": "0511/222758", "correlationVector":"y0RffdAez5cEYd7pwn71iK.1","action":"SyncServerConnectionManagerRequest", "result":"SYNC_SERVER_OK", "context":{"environment":"Prod_WestEurope_000l", "migrationStage":"NotStarted", "server":"general0100000X"}}
{"logTime": "0511/222758", "correlationVector":"y0RffdAez5cEYd7pwn71iK.2","action":"GetUpdates", "result":"DeleteReceived", "context":{"id":"df2804fb-86ea-4645-ba5a-1bcc74d6f437", "isDeleted:":"true", "version":"1715466469816"}}
{"logTime": "0511/222758", "correlationVector":"y0RffdAez5cEYd7pwn71iK.3","action":"GetUpdates", "result":"DeleteReceived", "context":{"id":"03ac4dc0-186c-48ae-b6c2-3562517c76d9", "isDeleted:":"true", "version":"1715466469819"}}
{"logTime": "0511/222758", "correlationVector":"y0RffdAez5cEYd7pwn71iK.4","action":"GetUpdates", "result":"DeleteReceived", "context":{"id":"35691699-71e6-4c8b-900a-42075cc8cd91", "isDeleted:":"true", "version":"1715466469820"}}
{"logTime": "0511/222758", "correlationVector":"y0RffdAez5cEYd7pwn71iK.5","action":"GetUpdates Response", "result":"Success", "context":Received 5 update(s). cV=y0RffdAez5cEYd7pwn71iK.0;server=general0100000X;cloudType=Consumer;environment=Prod_WestEurope_000l;migrationStage=NotStarted}
{"logTime": "0511/222758", "correlationVector":"uknoSB6E2jnv9uu7/VnvbJ","action":"Commit Request", "result":"", "context":Item count: 1
Contributing types: Sessions}
{"logTime": "0511/222758", "correlationVector":"uknoSB6E2jnv9uu7/VnvbJ.1","action":"SyncServerConnectionManagerRequest", "result":"SYNC_SERVER_OK", "context":{"environment":"Prod_WestEurope_000l", "migrationStage":"NotStarted", "server":"general01000001"}}
{"logTime": "0511/222758", "correlationVector":"uknoSB6E2jnv9uu7/VnvbJ.2","action":"Commit Response", "result":"Success", "context":Result: Success. cV=uknoSB6E2jnv9uu7/VnvbJ.0;server=general01000001;cloudType=Consumer;environment=Prod_WestEurope_000l;migrationStage=NotStarted}
{"logTime": "0511/222758", "correlationVector":"p6N1FfcoZnXQJnySSGG7IG","action":"Commit Request", "result":"", "context":Item count: 3
Contributing types: Passwords}
{"logTime": "0511/222759", "correlationVector":"p6N1FfcoZnXQJnySSGG7IG.1","action":"SyncServerConnectionManagerRequest", "result":"SYNC_SERVER_OK", "context":{"environment":"Prod_WestEurope_000l", "migrationStage":"NotStarted", "server":"GENERAL01000005"}}
{"logTime": "0511/222759", "correlationVector":"p6N1FfcoZnXQJnySSGG7IG.2","action":"Commit Response", "result":"Success", "context":Result: Success. cV=p6N1FfcoZnXQJnySSGG7IG.0;server=GENERAL01000005;cloudType=Consumer;environment=Prod_WestEurope_000l;migrationStage=NotStarted}
{"logTime": "0511/222804", "correlationVector":"zhbm4uWl/C6ctrno4Wsy0l","action":"Commit Request", "result":"", "context":Item count: 1
Contributing types: Preferences}
{"logTime": "0511/222805", "correlationVector":"zhbm4uWl/C6ctrno4Wsy0l.1","action":"SyncServerConnectionManagerRequest", "result":"SYNC_SERVER_OK", "context":{"environment":"Prod_WestEurope_000l", "migrationStage":"NotStarted", "server":"general0100000F"}}
{"logTime": "0511/222805", "correlationVector":"zhbm4uWl/C6ctrno4Wsy0l.2","action":"Commit Response", "result":"Success", "context":Result: Success. cV=zhbm4uWl/C6ctrno4Wsy0l.0;server=general0100000F;cloudType=Consumer;environment=Prod_WestEurope_000l;migrationStage=NotStarted}
{"logTime": "0511/232357", "correlationVector":"y0nbftjOY8YD87S0ck6ee2.1","action":"SyncServerConnectionManagerRequest", "result":"SYNC_SERVER_OK", "context":{"environment":"Prod_WestEurope_000l", "migrationStage":"NotStarted", "server":"GENERAL01000022"}}
{"logTime": "0511/232357", "correlationVector":"y0nbftjOY8YD87S0ck6ee2","action":"Initial GetUpdates", "result":"", "context":Reason: NEW_CLIENT. cV=y0nbftjOY8YD87S0ck6ee2}
{"logTime": "0511/232357", "correlationVector":"y0nbftjOY8YD87S0ck6ee2.2","action":"GetUpdates Response", "result":"Success", "context":Received 1 update(s). cV=y0nbftjOY8YD87S0ck6ee2.0;server=GENERAL01000022;cloudType=Consumer;environment=Prod_WestEurope_000l;migrationStage=NotStarted}
{"logTime": "0511/232357", "correlationVector":"Tz2NcGeFx6H/QUepSHTgIb","action":"SyncServerConnectionManagerRequest", "result":"SYNC_SERVER_OK", "context":{"environment":"", "migrationStage":"", "server":""}}
{"logTime": "0511/232357", "correlationVector":"rzWodCSqtnmDie13fbFS8P","action":"Initial GetUpdates", "result":"", "context":Reason: PROGRAMMATIC. cV=rzWodCSqtnmDie13fbFS8P}
{"logTime": "0511/232357", "correlationVector":"rzWodCSqtnmDie13fbFS8P.1","action":"SyncServerConnectionManagerRequest", "result":"SYNC_SERVER_OK", "context":{"environment":"Prod_WestEurope_000l", "migrationStage":"NotStarted", "server":"GENERAL01000003"}}
{"logTime": "0511/232357", "correlationVector":"rzWodCSqtnmDie13fbFS8P.2","action":"GetUpdates", "result":"DeleteReceived", "context":{"id":"be85e01b-d220-47ae-b46d-2cea89cb31da", "isDeleted:":"true", "version":"1688673941185"}}
{"logTime": "0511/232357", "correlationVector":"rzWodCSqtnmDie13fbFS8P.3","action":"GetUpdates", "result":"DeleteReceived", "context":{"id":"a3fefc2f-f780-467d-ba0b-1c780a96baa7", "isDeleted:":"true", "version":"1688673942065"}}
{"logTime": "0511/232357", "correlationVector":"rzWodCSqtnmDie13fbFS8P.4","action":"GetUpdates", "result":"DeleteReceived", "context":{"id":"6cee72b3-af33-47f6-a3b4-219a1121170b", "isDeleted:":"true", "version":"1688673943019"}}
{"logTime": "0511/232357", "correlationVector":"rzWodCSqtnmDie13fbFS8P.5","action":"GetUpdates", "result":"DeleteReceived", "context":{"id":"c9661ad8-1586-415f-91ca-11d1ba7f47d2", "isDeleted:":"true", "version":"1689256914993"}}
{"logTime": "0511/232357", "correlationVector":"rzWodCSqtnmDie13fbFS8P.6","action":"GetUpdates", "result":"DeleteReceived", "context":{"id":"060e95dd-4df2-4594-943a-12efba5b0249", "isDeleted:":"true", "version":"1691778887226"}}
{"logTime": "0511/232357", "correlationVector":"rzWodCSqtnmDie13fbFS8P.7","action":"GetUpdates", "result":"DeleteReceived", "context":{"id":"7b85be58-fcee-4fd8-b929-841e2ce4668f", "isDeleted:":"true", "version":"1694369258904"}}
{"logTime": "0511/232357", "correlationVector":"rzWodCSqtnmDie13fbFS8P.8","action":"GetUpdates", "result":"DeleteReceived", "context":{"id":"c7a4dc11-5dee-4a0e-9f03-e01c2e39d2aa", "isDeleted:":"true", "version":"1694369258907"}}
{"logTime": "0511/232357", "correlationVector":"rzWodCSqtnmDie13fbFS8P.9","action":"GetUpdates", "result":"DeleteReceived", "context":{"id":"20ae241a-4d6f-422a-a415-32fd59fd88e2", "isDeleted:":"true", "version":"1694449911474"}}
{"logTime": "0511/232357", "correlationVector":"rzWodCSqtnmDie13fbFS8P.10","action":"GetUpdates", "result":"DeleteReceived", "context":{"id":"021e4f57-7c1a-4087-a6ed-f5b34b5a6558", "isDeleted:":"true", "version":"1694456700093"}}
{"logTime": "0511/232357", "correlationVector":"rzWodCSqtnmDie13fbFS8P.11","action":"GetUpdates", "result":"DeleteReceived", "context":{"id":"7a01413e-2b0c-4932-8869-80472b8984ab", "isDeleted:":"true", "version":"1694675549801"}}
{"logTime": "0511/232357", "correlationVector":"rzWodCSqtnmDie13fbFS8P.12","action":"GetUpdates", "result":"DeleteReceived", "context":{"id":"763b06e9-2069-44fc-a179-9871dab8c0d5", "isDeleted:":"true", "version":"1694686616213"}}
{"logTime": "0511/232357", "correlationVector":"rzWodCSqtnmDie13fbFS8P.13","action":"GetUpdates", "result":"DeleteReceived", "context":{"id":"9edf349a-4f13-459d-abce-fb23e5a0b7e6", "isDeleted:":"true", "version":"1695895909983"}}
{"logTime": "0511/232357", "correlationVector":"rzWodCSqtnmDie13fbFS8P.14","action":"GetUpdates", "result":"DeleteReceived", "context":{"id":"b54cfff5-a065-40dd-b4da-dbc6954b442c", "isDeleted:":"true", "version":"1695895911308"}}
{"logTime": "0511/232357", "correlationVector":"rzWodCSqtnmDie13fbFS8P.15","action":"GetUpdates", "result":"DeleteReceived", "context":{"id":"e9b31f0a-e6cd-4818-808b-c40e438cc134", "isDeleted:":"true", "version":"1695895915637"}}
{"logTime": "0511/232357", "correlationVector":"rzWodCSqtnmDie13fbFS8P.16","action":"GetUpdates", "result":"DeleteReceived", "context":{"id":"a3f5315c-f711-4387-9aea-d5a350325047", "isDeleted:":"true", "version":"1695895928581"}}
{"logTime": "0511/232357", "correlationVector":"rzWodCSqtnmDie13fbFS8P.17","action":"GetUpdates", "result":"DeleteReceived", "context":{"id":"9d0dad3b-81bc-4310-8278-08ed18773bab", "isDeleted:":"true", "version":"1695895930537"}}
{"logTime": "0511/232357", "correlationVector":"rzWodCSqtnmDie13fbFS8P.18","action":"GetUpdates", "result":"DeleteReceived", "context":{"id":"f8faa43b-af9a-4a23-9dce-c4955d27c937", "isDeleted:":"true", "version":"1695896065516"}}
{"logTime": "0511/232357", "correlationVector":"rzWodCSqtnmDie13fbFS8P.19","action":"GetUpdates", "result":"DeleteReceived", "context":{"id":"0669545b-271f-4931-9ee2-f88e362f0201", "isDeleted:":"true", "version":"1695896159677"}}
{"logTime": "0511/232357", "correlationVector":"rzWodCSqtnmDie13fbFS8P.20","action":"GetUpdates", "result":"DeleteReceived", "context":{"id":"096de082-43bf-41d9-9d20-e7390e8d435a", "isDeleted:":"true", "version":"1696195714106"}}
{"logTime": "0511/232357", "correlationVector":"rzWodCSqtnmDie13fbFS8P.21","action":"GetUpdates", "result":"DeleteReceived", "context":{"id":"154506b0-3cde-4fa6-82be-0d6746df0ade", "isDeleted:":"true", "version":"1696209195449"}}
{"logTime": "0511/232357", "correlationVector":"rzWodCSqtnmDie13fbFS8P.22","action":"GetUpdates", "result":"DeleteReceived", "context":{"id":"76304eaa-4072-46a8-bee6-d8e4e940b452", "isDeleted:":"true", "version":"1696209225694"}}
{"logTime": "0511/232357", "correlationVector":"rzWodCSqtnmDie13fbFS8P.23","action":"GetUpdates", "result":"DeleteReceived", "context":{"id":"7cf31273-1544-4af5-9b62-0ea99c7e8a98", "isDeleted:":"true", "version":"1696302181514"}}
{"logTime": "0511/232357", "correlationVector":"rzWodCSqtnmDie13fbFS8P.24","action":"GetUpdates", "result":"DeleteReceived", "context":{"id":"7dadb57d-af32-4370-b90a-cdfefa77c157", "isDeleted:":"true", "version":"1696302181515"}}
{"logTime": "0511/232357", "correlationVector":"rzWodCSqtnmDie13fbFS8P.25","action":"GetUpdates", "result":"DeleteReceived", "context":{"id":"5d44dc75-908c-4955-9832-ad97422d07f2", "isDeleted:":"true", "version":"1696431724147"}}
{"logTime": "0511/232357", "correlationVector":"rzWodCSqtnmDie13fbFS8P.26","action":"GetUpdates", "result":"DeleteReceived", "context":{"id":"2739ec92-3347-4a5b-b015-98be473577a7", "isDeleted:":"true", "version":"1696542253581"}}
{"logTime": "0511/232357", "correlationVector":"rzWodCSqtnmDie13fbFS8P.27","action":"GetUpdates", "result":"DeleteReceived", "context":{"id":"49d6f7f4-ce93-4a6c-a4e7-066cc95516d0", "isDeleted:":"true", "version":"1696542304935"}}
{"logTime": "0511/232357", "correlationVector":"rzWodCSqtnmDie13fbFS8P.28","action":"GetUpdates", "result":"DeleteReceived", "context":{"id":"0247387e-7581-425f-9bbd-34227f2bb8b9", "isDeleted:":"true", "version":"1696542306378"}}
{"logTime": "0511/232357", "correlationVector":"rzWodCSqtnmDie13fbFS8P.29","action":"GetUpdates", "result":"DeleteReceived", "context":{"id":"af97295f-697b-4958-a04c-fa818eee4cbb", "isDeleted:":"true", "version":"1696864520180"}}
{"logTime": "0511/232357", "correlationVector":"rzWodCSqtnmDie13fbFS8P.30","action":"GetUpdates", "result":"DeleteReceived", "context":{"id":"4c53532b-b043-40d2-bac9-0ee3eb86f124", "isDeleted:":"true", "version":"1697109073008"}}
{"logTime": "0511/232357", "correlationVector":"rzWodCSqtnmDie13fbFS8P.31","action":"GetUpdates", "result":"DeleteReceived", "context":{"id":"50cfc9d5-91bc-4606-b63b-58569737d63b", "isDeleted:":"true", "version":"1697109081064"}}
{"logTime": "0511/232357", "correlationVector":"rzWodCSqtnmDie13fbFS8P.32","action":"GetUpdates", "result":"DeleteReceived", "context":{"id":"a8a3ec30-edc5-4509-858f-e963f31d2a97", "isDeleted:":"true", "version":"1697713379681"}}
{"logTime": "0511/232357", "correlationVector":"rzWodCSqtnmDie13fbFS8P.33","action":"GetUpdates", "result":"DeleteReceived", "context":{"id":"7038c6bf-bc61-463e-839a-1bd6cf031ed7", "isDeleted:":"true", "version":"1697835830987"}}
{"logTime": "0511/232357", "correlationVector":"rzWodCSqtnmDie13fbFS8P.34","action":"GetUpdates", "result":"DeleteReceived", "context":{"id":"5f451ca9-4f32-4208-aac0-b6a534e61eee", "isDeleted:":"true", "version":"1701643708123"}}
{"logTime": "0511/232357", "correlationVector":"rzWodCSqtnmDie13fbFS8P.35","action":"GetUpdates", "result":"DeleteReceived", "context":{"id":"9272e7ad-91e1-45ab-a07b-546ad0d3a319", "isDeleted:":"true", "version":"1713260187486"}}
{"logTime": "0511/232357", "correlationVector":"rzWodCSqtnmDie13fbFS8P.36","action":"GetUpdates Response", "result":"Success", "context":Received 250 update(s). cV=rzWodCSqtnmDie13fbFS8P.0;server=GENERAL01000003;cloudType=Consumer;environment=Prod_WestEurope_000l;migrationStage=NotStarted Some updates remain.}
{"logTime": "0511/232357", "correlationVector":"OUh8pl1ILuQBttUuBsJ/Tm","action":"Initial GetUpdates", "result":"", "context":Reason: PROGRAMMATIC. cV=OUh8pl1ILuQBttUuBsJ/Tm}
{"logTime": "0511/232357", "correlationVector":"OUh8pl1ILuQBttUuBsJ/Tm.1","action":"SyncServerConnectionManagerRequest", "result":"SYNC_SERVER_OK", "context":{"environment":"Prod_WestEurope_000l", "migrationStage":"NotStarted", "server":"GENERAL01000003"}}
{"logTime": "0511/232357", "correlationVector":"OUh8pl1ILuQBttUuBsJ/Tm.2","action":"GetUpdates Response", "result":"Success", "context":Received 250 update(s). cV=OUh8pl1ILuQBttUuBsJ/Tm.0;server=GENERAL01000003;cloudType=Consumer;environment=Prod_WestEurope_000l;migrationStage=NotStarted Some updates remain.}
{"logTime": "0511/232357", "correlationVector":"oOSNZeqdJSXpQGhjM1FgNi","action":"Initial GetUpdates", "result":"", "context":Reason: PROGRAMMATIC. cV=oOSNZeqdJSXpQGhjM1FgNi}
{"logTime": "0511/232357", "correlationVector":"oOSNZeqdJSXpQGhjM1FgNi.1","action":"SyncServerConnectionManagerRequest", "result":"SYNC_SERVER_OK", "context":{"environment":"Prod_WestEurope_000l", "migrationStage":"NotStarted", "server":"GENERAL01000010"}}
{"logTime": "0511/232357", "correlationVector":"oOSNZeqdJSXpQGhjM1FgNi.2","action":"GetUpdates Response", "result":"Success", "context":Received 33 update(s). cV=oOSNZeqdJSXpQGhjM1FgNi.0;server=GENERAL01000010;cloudType=Consumer;environment=Prod_WestEurope_000l;migrationStage=NotStarted}
{"logTime": "0511/232357", "correlationVector":"UTceccTdQKK2mE8cqd6die","action":"Normal GetUpdate request", "result":"", "context":cV=UTceccTdQKK2mE8cqd6die
Refresh requested types: Bookmarks, Passwords, Autofill Profiles, Autofill, Typed URLs, Edge Wallet, Encryption Keys}
{"logTime": "0511/232357", "correlationVector":"UTceccTdQKK2mE8cqd6die.1","action":"SyncServerConnectionManagerRequest", "result":"SYNC_SERVER_OK", "context":{"environment":"Prod_WestEurope_000l", "migrationStage":"NotStarted", "server":"GENERAL01000019"}}
{"logTime": "0511/232357", "correlationVector":"UTceccTdQKK2mE8cqd6die.2","action":"GetUpdates Response", "result":"Success", "context":Received 0 update(s). cV=UTceccTdQKK2mE8cqd6die.0;server=GENERAL01000019;cloudType=Consumer;environment=Prod_WestEurope_000l;migrationStage=NotStarted}
{"logTime": "0511/232357", "correlationVector":"ABq5Lp1nazBaTu2gmw8lFJ","action":"Normal GetUpdate request", "result":"", "context":cV=ABq5Lp1nazBaTu2gmw8lFJ
Nudged types: Passwords}
{"logTime": "0511/232358", "correlationVector":"ABq5Lp1nazBaTu2gmw8lFJ.1","action":"SyncServerConnectionManagerRequest", "result":"SYNC_SERVER_OK", "context":{"environment":"Prod_WestEurope_000l", "migrationStage":"NotStarted", "server":"general0100000F"}}
{"logTime": "0511/232358", "correlationVector":"ABq5Lp1nazBaTu2gmw8lFJ.2","action":"GetUpdates Response", "result":"Success", "context":Received 0 update(s). cV=ABq5Lp1nazBaTu2gmw8lFJ.0;server=general0100000F;cloudType=Consumer;environment=Prod_WestEurope_000l;migrationStage=NotStarted}
{"logTime": "0511/232358", "correlationVector":"iLRjx+Ksu8RMd+F4SYQjrN","action":"Commit Request", "result":"", "context":Item count: 3
Contributing types: Passwords}
{"logTime": "0511/232358", "correlationVector":"iLRjx+Ksu8RMd+F4SYQjrN.1","action":"SyncServerConnectionManagerRequest", "result":"SYNC_SERVER_OK", "context":{"environment":"Prod_WestEurope_000l", "migrationStage":"NotStarted", "server":"GENERAL01000018"}}
{"logTime": "0511/232358", "correlationVector":"iLRjx+Ksu8RMd+F4SYQjrN.2","action":"Commit Response", "result":"Success", "context":Result: Success. cV=iLRjx+Ksu8RMd+F4SYQjrN.0;server=GENERAL01000018;cloudType=Consumer;environment=Prod_WestEurope_000l;migrationStage=NotStarted}
